# $Id: makermt.c,v 1.16 2010/01/29 16:45:36 shimo Exp $
# seed:0 (MT19937 generator)
# K:10
# R:0.5 0.6 0.7 0.8 0.9 1 1.1 1.2 1.3 1.4 
# B:10000 10000 10000 10000 10000 10000 10000 10000 10000 10000 
# reading lnf_specieslnf_prestin.lnf
# M:2 N:2184
# writing lnf_specieslnf_prestin.vt
# writing lnf_specieslnf_prestin.rmt
# start generating total 100000 replicates for 2 items..........
# time elapsed for bootstrap t=10.6509 sec
# exit normally
# $Id: consel.c,v 1.20 2011/05/12 07:23:08 shimo Exp $
# reading lnf_specieslnf_prestin.rmt..........
# K:10
# R:0.5 0.599817 0.699634 0.799908 0.899725 1 1.09982 1.19963 1.29991 1.39973 
# B:10000 10000 10000 10000 10000 10000 10000 10000 10000 10000 
# M:2
# generate the identity association
# CM:2
# MC-TEST STARTS
# centering the replicates
# calculating kh-pvalue..
# calculating mc-pvalue..
# calculating the variances..
# calculating weighted kh-pvalue..
# calculating weighted mc-pvalue..
# MC-TEST DONE
# calculate replicates of the statistics..........
# BP-TEST STARTS - DONE
# AU-TEST STARTS
# sorting the replicates..........
# calculating approximately unbiased p-values by MLE (fast) fitting..
# time elapsed for AU test is t=0.003429 sec
# ALPHA:0.05 0.1 0.5 0.9 0.95 
# calculating confidence intervals..
# AU-TEST DONE
# writing lnf_specieslnf_prestin.pv
# writing lnf_specieslnf_prestin.ci
# exit normally

# reading lnf_specieslnf_prestin.pv
# rank item    obs     au     np |     bp     pp     kh     sh    wkh    wsh |
#    1    1  -76.3  1.000  1.000 |  1.000  1.000  1.000  1.000  1.000  1.000 |
#    2    2   76.3  3e-05  1e-04 |  1e-04  7e-34  1e-04  1e-04  1e-04  1e-04 |


# reading lnf_specieslnf_prestin.ci
#                 --------------- au ---------------- |--------------- np ----------------
# rank item    obs  0.050  0.100  0.500  0.900  0.950 |  0.050  0.100  0.500  0.900  0.950
#    1    1  -76.3 -110.0 -102.7  -75.8  -48.8  -41.1 | -110.8 -103.2  -76.1  -49.1  -41.5
#    2    2   76.3   41.1   48.8   75.8  102.7  110.0 |   41.5   49.1   76.1  103.2  110.8
